<?xml version="1.0" encoding="UTF-8" ?>
<testsuite failures="0" time="0.063" errors="0" skipped="0" tests="6" name="name.pehl.piriti.converter.client.BooleanConverterTest">
  <properties>
[...]
</properties>
  <testcase time="0" classname="name.pehl.piriti.converter.client.BooleanConverterTest" name="testConvertNull"/>
  <testcase time="0" classname="name.pehl.piriti.converter.client.BooleanConverterTest" name="testConvertEmpty"/>
  <testcase time="0" classname="name.pehl.piriti.converter.client.BooleanConverterTest" name="testConvertBlank"/>
  <testcase time="0" classname="name.pehl.piriti.converter.client.BooleanConverterTest" name="testConvertFoo"/>
  <testcase time="0" classname="name.pehl.piriti.converter.client.BooleanConverterTest" name="testConvertFalse"/>
  <testcase time="0" classname="name.pehl.piriti.converter.client.BooleanConverterTest" name="testConvertTrue"/>
</testsuite>